<?xml version="1.0" encoding="UTF-8"?>
<!-- Generated by org.testng.reporters.JUnitReportReporter -->
<testsuite hostname="LAPTOP-DUB2J0MB" name="Test.validateNavigationBar" tests="1" failures="0" timestamp="10 Mar 2022 20:10:12 GMT" time="0.124" errors="0">
  <testcase name="basePageNavigation" time="0.124" classname="Test.validateNavigationBar"/>
</testsuite> <!-- Test.validateNavigationBar -->
