<?xml version="1.0" encoding="UTF-8"?>
<!-- Generated by org.testng.reporters.JUnitReportReporter -->
<testsuite hostname="LAPTOP-DUB2J0MB" name="Test.validateTitle" tests="1" failures="0" timestamp="10 Mar 2022 20:10:12 GMT" time="27.182" errors="0">
  <testcase name="basePageNavigation" time="27.182" classname="Test.validateTitle"/>
</testsuite> <!-- Test.validateTitle -->
