<?xml version="1.0" encoding="UTF-8"?>
<!-- Generated by org.testng.reporters.JUnitReportReporter -->
<testsuite hostname="LAPTOP-DUB2J0MB" name="Test.HomePage" tests="2" failures="0" timestamp="10 Mar 2022 20:10:12 GMT" time="46.523" errors="0">
  <testcase name="basePageNavigation" time="22.251" classname="Test.HomePage"/>
  <testcase name="basePageNavigation" time="24.272" classname="Test.HomePage"/>
</testsuite> <!-- Test.HomePage -->
